{
  "RSpec": {
    "coverage": {
      "/home/irving/Documentos/rails_projects/agriluna/app/models/permission.rb": [
        1,
        1,
        1,
        null
      ],
      "/home/irving/Documentos/rails_projects/agriluna/app/models/role.rb": [
        1,
        1,
        1,
        1,
        1,
        1,
        null
      ],
      "/home/irving/Documentos/rails_projects/agriluna/app/models/role_permission.rb": [
        1,
        1,
        1,
        null
      ],
      "/home/irving/Documentos/rails_projects/agriluna/app/models/user_role.rb": [
        1,
        1,
        1,
        null
      ],
      "/home/irving/Documentos/rails_projects/agriluna/app/controllers/companies_controller.rb": [
        1,
        1,
        null,
        null,
        null,
        1,
        4,
        4,
        null,
        null,
        null,
        null,
        1,
        2,
        2,
        2,
        null,
        null,
        null,
        null,
        1,
        1,
        null,
        null,
        null,
        1,
        null,
        null,
        null,
        null,
        1,
        1,
        null,
        1,
        1,
        1,
        2,
        1,
        null,
        0,
        0,
        0,
        null,
        null,
        null,
        null,
        null,
        null,
        1,
        1,
        1,
        2,
        1,
        null,
        0,
        0,
        null,
        null,
        null,
        null,
        null,
        null,
        1,
        1,
        1,
        1,
        2,
        1,
        null,
        null,
        null,
        1,
        null,
        1,
        5,
        null,
        null,
        null,
        1,
        2,
        null,
        null,
        null,
        null
      ],
      "/home/irving/Documentos/rails_projects/agriluna/app/models/user_company.rb": [
        1,
        1,
        1,
        null
      ],
      "/home/irving/Documentos/rails_projects/agriluna/app/models/company.rb": [
        1,
        1,
        1,
        1,
        1,
        1,
        1,
        1,
        1,
        1,
        null,
        1,
        1,
        1,
        1,
        null,
        1,
        0,
        null,
        null,
        null
      ],
      "/home/irving/Documentos/rails_projects/agriluna/app/models/greenhouse.rb": [
        1,
        1,
        1,
        1,
        1,
        1,
        1,
        1,
        1,
        1,
        1,
        1,
        1,
        1,
        1,
        1,
        1,
        null
      ]
    },
    "timestamp": 1469293872
  }
}
