{
  "RSpec": {
    "coverage": {
      "/home/irving/Documentos/rails_projects/agriluna/app/models/permission.rb": [
        1,
        1,
        1,
        null
      ],
      "/home/irving/Documentos/rails_projects/agriluna/app/models/role.rb": [
        1,
        1,
        1,
        1,
        1,
        1,
        null
      ],
      "/home/irving/Documentos/rails_projects/agriluna/app/models/role_permission.rb": [
        1,
        1,
        1,
        null
      ],
      "/home/irving/Documentos/rails_projects/agriluna/app/models/user_role.rb": [
        1,
        1,
        1,
        null
      ]
    },
    "timestamp": 1469330512
  }
}
